<?xml version="1.0" encoding="UTF-8"?>
<testng-results skipped="0" failed="0" total="1" passed="1">
  <reporter-output>
  </reporter-output>
  <suite name="Default suite" duration-ms="20070" started-at="2019-07-30T06:06:26Z" finished-at="2019-07-30T06:06:46Z">
    <groups>
    </groups>
    <test name="Default test" duration-ms="20070" started-at="2019-07-30T06:06:26Z" finished-at="2019-07-30T06:06:46Z">
      <class name="Appium_test.AppTest">
        <test-method status="PASS" signature="TestChromeLaunch()[pri:0, instance:Appium_test.AppTest@71318ec4]" name="TestChromeLaunch" duration-ms="20050" started-at="2019-07-30T11:36:26Z" finished-at="2019-07-30T11:36:46Z">
          <reporter-output>
          </reporter-output>
        </test-method> <!-- TestChromeLaunch -->
      </class> <!-- Appium_test.AppTest -->
    </test> <!-- Default test -->
  </suite> <!-- Default suite -->
</testng-results>
